<?xml version='1.0'?>
<ns2:test-suite xmlns:ns2='urn:model.allure.qatools.yandex.ru' start='1594348798211' stop='1594348804610'>
    <name>Footer</name>
    <title>Footer</title>
    <test-cases>
        <test-case start='1594348798211' status='passed' stop='1594348802569'>
            <name>Footer-displayed</name>
            <title>Footer-displayed</title>
            <labels>
                <label name='language' value='javascript'/>
                <label name='framework' value='wdio'/>
                <label name='thread' value='0-0'/>
            </labels>
            <parameters>
                <parameter kind='argument' name='browser' value='chrome-83.0.4103.116'/>
            </parameters>
            <steps>
                <step start='1594348798217' status='passed' stop='1594348802505'>
                    <name>POST /session/:sessionId/url</name>
                    <title>POST /session/:sessionId/url</title>
                    <attachments>
                        <attachment title='Request' source='59004fcb-f522-4286-948d-78dd8778e3a8-attachment.json' type='application/json' size='41'/>
                    </attachments>
                    <steps/>
                </step>
                <step start='1594348802508' status='passed' stop='1594348802538'>
                    <name>POST /session/:sessionId/element</name>
                    <title>POST /session/:sessionId/element</title>
                    <attachments>
                        <attachment title='Request' source='40d8a357-050b-4409-a15a-f4efb0fdd460-attachment.json' type='application/json' size='59'/>
                        <attachment title='Response' source='1b02065f-3113-4678-8edf-21af77328124-attachment.json' type='application/json' size='40'/>
                    </attachments>
                    <steps/>
                </step>
                <step start='1594348802549' status='passed' stop='1594348802568'>
                    <name>GET /session/:sessionId/element/0.21556049898297536-1/displayed</name>
                    <title>GET /session/:sessionId/element/0.21556049898297536-1/displayed</title>
                    <attachments>
                        <attachment title='Response' source='e78ef3c9-0bc5-4106-832b-022479107c71-attachment.json' type='application/json' size='4'/>
                    </attachments>
                    <steps/>
                </step>
            </steps>
            <attachments/>
        </test-case>
        <test-case start='1594348802570' status='passed' stop='1594348802616'>
            <name>First-line</name>
            <title>First-line</title>
            <labels>
                <label name='language' value='javascript'/>
                <label name='framework' value='wdio'/>
                <label name='thread' value='0-0'/>
            </labels>
            <parameters>
                <parameter kind='argument' name='browser' value='chrome-83.0.4103.116'/>
            </parameters>
            <steps>
                <step start='1594348802570' status='passed' stop='1594348802590'>
                    <name>POST /session/:sessionId/element</name>
                    <title>POST /session/:sessionId/element</title>
                    <attachments>
                        <attachment title='Request' source='8a16ffde-dc67-4a92-9076-4145a7efd2e1-attachment.json' type='application/json' size='59'/>
                        <attachment title='Response' source='ed3c88dd-8928-40f0-bb68-46050bbbdcf9-attachment.json' type='application/json' size='40'/>
                    </attachments>
                    <steps/>
                </step>
                <step start='1594348802594' status='passed' stop='1594348802614'>
                    <name>GET /session/:sessionId/element/0.21556049898297536-2/displayed</name>
                    <title>GET /session/:sessionId/element/0.21556049898297536-2/displayed</title>
                    <attachments>
                        <attachment title='Response' source='36a8928f-afc7-4d68-8deb-4de7f8b8a72a-attachment.json' type='application/json' size='4'/>
                    </attachments>
                    <steps/>
                </step>
            </steps>
            <attachments/>
        </test-case>
        <test-case start='1594348802617' status='passed' stop='1594348802659'>
            <name>Second-line</name>
            <title>Second-line</title>
            <labels>
                <label name='language' value='javascript'/>
                <label name='framework' value='wdio'/>
                <label name='thread' value='0-0'/>
            </labels>
            <parameters>
                <parameter kind='argument' name='browser' value='chrome-83.0.4103.116'/>
            </parameters>
            <steps>
                <step start='1594348802617' status='passed' stop='1594348802636'>
                    <name>POST /session/:sessionId/element</name>
                    <title>POST /session/:sessionId/element</title>
                    <attachments>
                        <attachment title='Request' source='c2388308-c2e6-46ac-9b64-87dd6d137474-attachment.json' type='application/json' size='57'/>
                        <attachment title='Response' source='190768a7-45a3-49c6-8008-a7146568821e-attachment.json' type='application/json' size='40'/>
                    </attachments>
                    <steps/>
                </step>
                <step start='1594348802639' status='passed' stop='1594348802659'>
                    <name>GET /session/:sessionId/element/0.21556049898297536-3/displayed</name>
                    <title>GET /session/:sessionId/element/0.21556049898297536-3/displayed</title>
                    <attachments>
                        <attachment title='Response' source='159c8e49-c2e4-4bb7-b7b5-8faff13b3cff-attachment.json' type='application/json' size='4'/>
                    </attachments>
                    <steps/>
                </step>
            </steps>
            <attachments/>
        </test-case>
        <test-case start='1594348802660' status='failed' stop='1594348803371'>
            <name>Footer-coloms-first</name>
            <title>Footer-coloms-first</title>
            <labels>
                <label name='language' value='javascript'/>
                <label name='framework' value='wdio'/>
                <label name='thread' value='0-0'/>
            </labels>
            <parameters>
                <parameter kind='argument' name='browser' value='chrome-83.0.4103.116'/>
            </parameters>
            <steps>
                <step start='1594348802661' status='passed' stop='1594348802694'>
                    <name>POST /session/:sessionId/element</name>
                    <title>POST /session/:sessionId/element</title>
                    <attachments>
                        <attachment title='Request' source='bf7b2420-af85-41d3-ad9f-d623615fdb15-attachment.json' type='application/json' size='59'/>
                        <attachment title='Response' source='d53c2116-5436-4e34-8260-0d789992ec44-attachment.json' type='application/json' size='40'/>
                    </attachments>
                    <steps/>
                </step>
                <step start='1594348802699' status='passed' stop='1594348802735'>
                    <name>GET /session/:sessionId/element/0.21556049898297536-4/displayed</name>
                    <title>GET /session/:sessionId/element/0.21556049898297536-4/displayed</title>
                    <attachments>
                        <attachment title='Response' source='ec9663d0-8ea7-46fa-8dec-912038c884f3-attachment.json' type='application/json' size='4'/>
                    </attachments>
                    <steps/>
                </step>
                <step start='1594348802751' status='passed' stop='1594348803369'>
                    <name>GET /session/:sessionId/screenshot</name>
                    <title>GET /session/:sessionId/screenshot</title>
                    <attachments>
                        <attachment title='Screenshot' source='20879c2d-867b-4774-b448-10b075b8ffff-attachment.png' type='image/png' size='426204'/>
                    </attachments>
                    <steps/>
                </step>
            </steps>
            <attachments/>
            <failure>
                <message>expected true to equal 'About this site'</message>
                <stack-trace>AssertionError: expected true to equal 'About this site'
                    at Footer.footerColomsFirst (C:\Project\Alluma\test\pages\/footer.page.js:25:16)
                    at Context.&lt;anonymous> (C:\Project\Alluma\test\specs\/footer.page.test.js:19:16)
                    at Context.executeSync (C:\Project\Alluma\node_modules\@wdio\sync\build\index.js:56:18)
                    at C:\Project\Alluma\node_modules\@wdio\sync\build\index.js:82:70</stack-trace>
            </failure>
        </test-case>
        <test-case start='1594348803371' status='failed' stop='1594348804029'>
            <name>Footer-coloms-second</name>
            <title>Footer-coloms-second</title>
            <labels>
                <label name='language' value='javascript'/>
                <label name='framework' value='wdio'/>
                <label name='thread' value='0-0'/>
            </labels>
            <parameters>
                <parameter kind='argument' name='browser' value='chrome-83.0.4103.116'/>
            </parameters>
            <steps>
                <step start='1594348803372' status='passed' stop='1594348803390'>
                    <name>POST /session/:sessionId/element</name>
                    <title>POST /session/:sessionId/element</title>
                    <attachments>
                        <attachment title='Request' source='50ef8c32-aafe-46a2-9cd5-14face6f5f7a-attachment.json' type='application/json' size='59'/>
                        <attachment title='Response' source='df79fc3a-dca3-45f7-abc6-c7e2a29f8e7c-attachment.json' type='application/json' size='40'/>
                    </attachments>
                    <steps/>
                </step>
                <step start='1594348803395' status='passed' stop='1594348803416'>
                    <name>GET /session/:sessionId/element/0.21556049898297536-5/displayed</name>
                    <title>GET /session/:sessionId/element/0.21556049898297536-5/displayed</title>
                    <attachments>
                        <attachment title='Response' source='2c891f82-c303-44b0-8b73-90f280048da3-attachment.json' type='application/json' size='4'/>
                    </attachments>
                    <steps/>
                </step>
                <step start='1594348803418' status='passed' stop='1594348804029'>
                    <name>GET /session/:sessionId/screenshot</name>
                    <title>GET /session/:sessionId/screenshot</title>
                    <attachments>
                        <attachment title='Screenshot' source='de6c776e-b5e1-4823-b09e-175ba5e11be1-attachment.png' type='image/png' size='426250'/>
                    </attachments>
                    <steps/>
                </step>
            </steps>
            <attachments/>
            <failure>
                <message>expected true to equal 'Get help'</message>
                <stack-trace>AssertionError: expected true to equal 'Get help'
                    at Footer.footerColomsSecond (C:\Project\Alluma\test\pages\/footer.page.js:30:16)
                    at Context.&lt;anonymous> (C:\Project\Alluma\test\specs\/footer.page.test.js:23:16)
                    at Context.executeSync (C:\Project\Alluma\node_modules\@wdio\sync\build\index.js:56:18)
                    at C:\Project\Alluma\node_modules\@wdio\sync\build\index.js:82:70</stack-trace>
            </failure>
        </test-case>
        <test-case start='1594348804029' status='failed' stop='1594348804609'>
            <name>Footer-coloms-third</name>
            <title>Footer-coloms-third</title>
            <labels>
                <label name='language' value='javascript'/>
                <label name='framework' value='wdio'/>
                <label name='thread' value='0-0'/>
            </labels>
            <parameters>
                <parameter kind='argument' name='browser' value='chrome-83.0.4103.116'/>
            </parameters>
            <steps>
                <step start='1594348804030' status='passed' stop='1594348804048'>
                    <name>POST /session/:sessionId/element</name>
                    <title>POST /session/:sessionId/element</title>
                    <attachments>
                        <attachment title='Request' source='273cbe5f-893b-4e27-bbfe-a66101ea70dc-attachment.json' type='application/json' size='59'/>
                        <attachment title='Response' source='abe8e88a-909c-4ee9-b198-20414703860a-attachment.json' type='application/json' size='40'/>
                    </attachments>
                    <steps/>
                </step>
                <step start='1594348804051' status='passed' stop='1594348804076'>
                    <name>GET /session/:sessionId/element/0.21556049898297536-6/displayed</name>
                    <title>GET /session/:sessionId/element/0.21556049898297536-6/displayed</title>
                    <attachments>
                        <attachment title='Response' source='8bc26061-309d-4b7b-95e3-0c03253fd512-attachment.json' type='application/json' size='4'/>
                    </attachments>
                    <steps/>
                </step>
                <step start='1594348804076' status='passed' stop='1594348804609'>
                    <name>GET /session/:sessionId/screenshot</name>
                    <title>GET /session/:sessionId/screenshot</title>
                    <attachments>
                        <attachment title='Screenshot' source='8eb93cf4-8329-44e9-a095-73abb237fdf5-attachment.png' type='image/png' size='426250'/>
                    </attachments>
                    <steps/>
                </step>
            </steps>
            <attachments/>
            <failure>
                <message>expected true to equal 'Stay in touch'</message>
                <stack-trace>AssertionError: expected true to equal 'Stay in touch'
                    at Footer.footerColomsThird (C:\Project\Alluma\test\pages\/footer.page.js:35:16)
                    at Context.&lt;anonymous> (C:\Project\Alluma\test\specs\/footer.page.test.js:27:16)
                    at Context.executeSync (C:\Project\Alluma\node_modules\@wdio\sync\build\index.js:56:18)
                    at C:\Project\Alluma\node_modules\@wdio\sync\build\index.js:82:70</stack-trace>
            </failure>
        </test-case>
    </test-cases>
</ns2:test-suite>